#
# There is insufficient memory for the Java Runtime Environment to continue.
# Native memory allocation (mmap) failed to map 65536 bytes for Failed to commit metaspace.
# Possible reasons:
#   The system is out of physical RAM or swap space
#   The process is running with CompressedOops enabled, and the Java Heap may be blocking the growth of the native heap
# Possible solutions:
#   Reduce memory load on the system
#   Increase physical memory or swap space
#   Check if swap backing store is full
#   Decrease Java heap size (-Xmx/-Xms)
#   Decrease number of Java threads
#   Decrease Java thread stack sizes (-Xss)
#   Set larger code cache with -XX:ReservedCodeCacheSize=
#   JVM is running with Zero Based Compressed Oops mode in which the Java heap is
#     placed in the first 32GB address space. The Java Heap base address is the
#     maximum limit for the native heap growth. Please use -XX:HeapBaseMinAddress
#     to set the Java Heap base and to place the Java Heap above 32GB virtual address.
# This output file may be truncated or incomplete.
#
#  Out of Memory Error (virtualSpaceNode.cpp:110), pid=10772, tid=30500
#
# JRE version: Java(TM) SE Runtime Environment (17.0.1+12) (build 17.0.1+12-LTS-39)
# Java VM: Java HotSpot(TM) 64-Bit Server VM (17.0.1+12-LTS-39, mixed mode, emulated-client, sharing, tiered, compressed oops, compressed class ptrs, g1 gc, windows-amd64)
# No core dump will be written. Minidumps are not enabled by default on client versions of Windows
#

---------------  S U M M A R Y ------------

Command Line: -agentlib:jdwp=transport=dt_socket,address=127.0.0.1:60922,suspend=y,server=n -XX:TieredStopAtLevel=1 -Xverify:none -Dspring.output.ansi.enabled=always -Dcom.sun.management.jmxremote -Dspring.jmx.enabled=true -Dspring.liveBeansView.mbeanDomain -Dspring.application.admin.enabled=true -javaagent:C:\Users\RGB\AppData\Local\JetBrains\IntelliJIdea2022.1\captureAgent\debugger-agent.jar -Dfile.encoding=UTF-8 com.chaffee.PxxbmsSpringbootApplication

Host: Intel(R) Core(TM) i7-9700K CPU @ 3.60GHz, 8 cores, 31G,  Windows 10 , 64 bit Build 19041 (10.0.19041.1706)
Time: Mon May 30 13:40:46 2022  Windows 10 , 64 bit Build 19041 (10.0.19041.1706) elapsed time: 3.265886 seconds (0d 0h 0m 3s)

---------------  T H R E A D  ---------------

Current thread (0x00000295b2a42350):  JavaThread "restartedMain" [_thread_in_vm, id=30500, stack(0x000000accb800000,0x000000accb900000)]

Stack: [0x000000accb800000,0x000000accb900000]
Native frames: (J=compiled Java code, j=interpreted, Vv=VM code, C=native code)
V  [jvm.dll+0x66fa1a]
V  [jvm.dll+0x7ce5a4]
V  [jvm.dll+0x7cfd4e]
V  [jvm.dll+0x7d03b3]
V  [jvm.dll+0x242b05]
V  [jvm.dll+0x7ca54b]
V  [jvm.dll+0x615b76]
V  [jvm.dll+0x1be19e]
V  [jvm.dll+0x6184b1]
V  [jvm.dll+0x616516]
V  [jvm.dll+0x2405cc]
V  [jvm.dll+0x6c5edd]
V  [jvm.dll+0x6c690f]
V  [jvm.dll+0x36c1c3]
V  [jvm.dll+0x36b382]
V  [jvm.dll+0x36b328]
V  [jvm.dll+0x37b00a]
C  0x0000029598605977

Java frames: (J=compiled Java code, j=interpreted, Vv=VM code)
j  org.springframework.beans.factory.support.AbstractAutowireCapableBeanFactory.instantiateUsingFactoryMethod(Ljava/lang/String;Lorg/springframework/beans/factory/support/RootBeanDefinition;[Ljava/lang/Object;)Lorg/springframework/beans/BeanWrapper;+0
j  org.springframework.beans.factory.support.AbstractAutowireCapableBeanFactory.createBeanInstance(Ljava/lang/String;Lorg/springframework/beans/factory/support/RootBeanDefinition;[Ljava/lang/Object;)Lorg/springframework/beans/BeanWrapper;+102
j  org.springframework.beans.factory.support.AbstractAutowireCapableBeanFactory.doCreateBean(Ljava/lang/String;Lorg/springframework/beans/factory/support/RootBeanDefinition;[Ljava/lang/Object;)Ljava/lang/Object;+34
j  org.springframework.beans.factory.support.AbstractAutowireCapableBeanFactory.createBean(Ljava/lang/String;Lorg/springframework/beans/factory/support/RootBeanDefinition;[Ljava/lang/Object;)Ljava/lang/Object;+169
j  org.springframework.beans.factory.support.AbstractBeanFactory.lambda$doGetBean$0(Ljava/lang/String;Lorg/springframework/beans/factory/support/RootBeanDefinition;[Ljava/lang/Object;)Ljava/lang/Object;+4
j  org.springframework.beans.factory.support.AbstractBeanFactory$$Lambda$335+0x0000000800dd7020.getObject()Ljava/lang/Object;+16
j  org.springframework.beans.factory.support.DefaultSingletonBeanRegistry.getSingleton(Ljava/lang/String;Lorg/springframework/beans/factory/ObjectFactory;)Ljava/lang/Object;+132
J 3354 c1 org.springframework.beans.factory.support.AbstractBeanFactory.doGetBean(Ljava/lang/String;Ljava/lang/Class;[Ljava/lang/Object;Z)Ljava/lang/Object; (832 bytes) @ 0x0000029598e2f5bc [0x0000029598e2efa0+0x000000000000061c]
j  org.springframework.beans.factory.support.AbstractBeanFactory.getBean(Ljava/lang/String;)Ljava/lang/Object;+5
j  org.springframework.beans.factory.support.DefaultListableBeanFactory.getBeansOfType(Ljava/lang/Class;ZZ)Ljava/util/Map;+46
j  org.springframework.context.support.AbstractApplicationContext.getBeansOfType(Ljava/lang/Class;ZZ)Ljava/util/Map;+11
j  org.mybatis.spring.mapper.MapperScannerConfigurer.processPropertyPlaceHolders()V+8
j  org.mybatis.spring.mapper.MapperScannerConfigurer.postProcessBeanDefinitionRegistry(Lorg/springframework/beans/factory/support/BeanDefinitionRegistry;)V+8
j  org.springframework.context.support.PostProcessorRegistrationDelegate.invokeBeanDefinitionRegistryPostProcessors(Ljava/util/Collection;Lorg/springframework/beans/factory/support/BeanDefinitionRegistry;Lorg/springframework/core/metrics/ApplicationStartup;)V+59
j  org.springframework.context.support.PostProcessorRegistrationDelegate.invokeBeanFactoryPostProcessors(Lorg/springframework/beans/factory/config/ConfigurableListableBeanFactory;Ljava/util/List;)V+496
j  org.springframework.context.support.AbstractApplicationContext.invokeBeanFactoryPostProcessors(Lorg/springframework/beans/factory/config/ConfigurableListableBeanFactory;)V+5
j  org.springframework.context.support.AbstractApplicationContext.refresh()V+53
j  org.springframework.boot.web.servlet.context.ServletWebServerApplicationContext.refresh()V+1
j  org.springframework.boot.SpringApplication.refresh(Lorg/springframework/context/ConfigurableApplicationContext;)V+1
j  org.springframework.boot.SpringApplication.refreshContext(Lorg/springframework/context/ConfigurableApplicationContext;)V+16
j  org.springframework.boot.SpringApplication.run([Ljava/lang/String;)Lorg/springframework/context/ConfigurableApplicationContext;+107
j  org.springframework.boot.SpringApplication.run([Ljava/lang/Class;[Ljava/lang/String;)Lorg/springframework/context/ConfigurableApplicationContext;+9
j  org.springframework.boot.SpringApplication.run(Ljava/lang/Class;[Ljava/lang/String;)Lorg/springframework/context/ConfigurableApplicationContext;+9
j  com.chaffee.PxxbmsSpringbootApplication.main([Ljava/lang/String;)V+3
v  ~StubRoutines::call_stub
j  jdk.internal.reflect.NativeMethodAccessorImpl.invoke0(Ljava/lang/reflect/Method;Ljava/lang/Object;[Ljava/lang/Object;)Ljava/lang/Object;+0 java.base@17.0.1
j  jdk.internal.reflect.NativeMethodAccessorImpl.invoke(Ljava/lang/Object;[Ljava/lang/Object;)Ljava/lang/Object;+133 java.base@17.0.1
j  jdk.internal.reflect.DelegatingMethodAccessorImpl.invoke(Ljava/lang/Object;[Ljava/lang/Object;)Ljava/lang/Object;+6 java.base@17.0.1
j  java.lang.reflect.Method.invoke(Ljava/lang/Object;[Ljava/lang/Object;)Ljava/lang/Object;+59 java.base@17.0.1
j  org.springframework.boot.devtools.restart.RestartLauncher.run()V+42
v  ~StubRoutines::call_stub

---------------  P R O C E S S  ---------------

Threads class SMR info:
_java_thread_list=0x00000295b30455f0, length=22, elements={
0x0000029590de7b60, 0x00000295b10c3cc0, 0x00000295b10c8760, 0x00000295b1c01550,
0x00000295b1c03b30, 0x00000295b1c040f0, 0x00000295b1c08ad0, 0x00000295b1c10db0,
0x00000295b1c19bd0, 0x00000295b10b1220, 0x00000295b1cfdf90, 0x00000295b1cff510,
0x00000295b1d754d0, 0x00000295b1d89180, 0x00000295b1d767f0, 0x00000295b1da9a60,
0x00000295b265eb10, 0x00000295b2807260, 0x00000295b2a41e80, 0x00000295b2a42350,
0x00000295b30cca60, 0x00000295b30ca4b0
}

Java Threads: ( => current thread )
  0x0000029590de7b60 JavaThread "main" [_thread_blocked, id=26188, stack(0x000000acc9500000,0x000000acc9600000)]
  0x00000295b10c3cc0 JavaThread "Reference Handler" daemon [_thread_blocked, id=5260, stack(0x000000acc9c00000,0x000000acc9d00000)]
  0x00000295b10c8760 JavaThread "Finalizer" daemon [_thread_blocked, id=33484, stack(0x000000acc9d00000,0x000000acc9e00000)]
  0x00000295b1c01550 JavaThread "Signal Dispatcher" daemon [_thread_blocked, id=33276, stack(0x000000acc9e00000,0x000000acc9f00000)]
  0x00000295b1c03b30 JavaThread "Attach Listener" daemon [_thread_blocked, id=34292, stack(0x000000acc9f00000,0x000000acca000000)]
  0x00000295b1c040f0 JavaThread "Service Thread" daemon [_thread_blocked, id=30416, stack(0x000000acca000000,0x000000acca100000)]
  0x00000295b1c08ad0 JavaThread "Monitor Deflation Thread" daemon [_thread_blocked, id=21096, stack(0x000000acca100000,0x000000acca200000)]
  0x00000295b1c10db0 JavaThread "C1 CompilerThread0" daemon [_thread_blocked, id=18624, stack(0x000000acca200000,0x000000acca300000)]
  0x00000295b1c19bd0 JavaThread "Sweeper thread" daemon [_thread_blocked, id=13620, stack(0x000000acca300000,0x000000acca400000)]
  0x00000295b10b1220 JavaThread "Common-Cleaner" daemon [_thread_blocked, id=28548, stack(0x000000acca400000,0x000000acca500000)]
  0x00000295b1cfdf90 JavaThread "C1 CompilerThread1" daemon [_thread_blocked, id=31624, stack(0x000000acca500000,0x000000acca600000)]
  0x00000295b1cff510 JavaThread "C1 CompilerThread2" daemon [_thread_blocked, id=31532, stack(0x000000acca600000,0x000000acca700000)]
  0x00000295b1d754d0 JavaThread "JDWP Transport Listener: dt_socket" daemon [_thread_blocked, id=32912, stack(0x000000acca800000,0x000000acca900000)]
  0x00000295b1d89180 JavaThread "JDWP Event Helper Thread" daemon [_thread_blocked, id=18240, stack(0x000000acca900000,0x000000accaa00000)]
  0x00000295b1d767f0 JavaThread "JDWP Command Reader" daemon [_thread_in_native, id=24924, stack(0x000000accaa00000,0x000000accab00000)]
  0x00000295b1da9a60 JavaThread "Notification Thread" daemon [_thread_blocked, id=15088, stack(0x000000accab00000,0x000000accac00000)]
  0x00000295b265eb10 JavaThread "RMI TCP Accept-0" daemon [_thread_in_native, id=33600, stack(0x000000accac00000,0x000000accad00000)]
  0x00000295b2807260 JavaThread "C1 CompilerThread3" daemon [_thread_blocked, id=26760, stack(0x000000accae00000,0x000000accaf00000)]
  0x00000295b2a41e80 JavaThread "Thread-0" [_thread_blocked, id=30320, stack(0x000000accb700000,0x000000accb800000)]
=>0x00000295b2a42350 JavaThread "restartedMain" [_thread_in_vm, id=30500, stack(0x000000accb800000,0x000000accb900000)]
  0x00000295b30cca60 JavaThread "RMI TCP Connection(1)-192.168.123.101" daemon [_thread_in_native, id=20648, stack(0x000000accb900000,0x000000accba00000)]
  0x00000295b30ca4b0 JavaThread "RMI Scheduler(0)" daemon [_thread_blocked, id=30512, stack(0x000000accba00000,0x000000accbb00000)]

Other Threads:
  0x00000295b10bf0c0 VMThread "VM Thread" [stack: 0x000000acc9b00000,0x000000acc9c00000] [id=29512]
  0x0000029590e7bfb0 WatcherThread [stack: 0x000000accad00000,0x000000accae00000] [id=26900]
  0x0000029590e5d530 GCTaskThread "GC Thread#0" [stack: 0x000000acc9600000,0x000000acc9700000] [id=11392]
  0x00000295b299ccf0 GCTaskThread "GC Thread#1" [stack: 0x000000accaf00000,0x000000accb000000] [id=33056]
  0x00000295b2929b10 GCTaskThread "GC Thread#2" [stack: 0x000000accb000000,0x000000accb100000] [id=11088]
  0x00000295b2983fd0 GCTaskThread "GC Thread#3" [stack: 0x000000accb100000,0x000000accb200000] [id=28476]
  0x00000295b28679c0 GCTaskThread "GC Thread#4" [stack: 0x000000accb200000,0x000000accb300000] [id=11176]
  0x00000295b2867c70 GCTaskThread "GC Thread#5" [stack: 0x000000accb300000,0x000000accb400000] [id=20056]
  0x00000295b299f7c0 GCTaskThread "GC Thread#6" [stack: 0x000000accb400000,0x000000accb500000] [id=33160]
  0x00000295b29a9a90 GCTaskThread "GC Thread#7" [stack: 0x000000accb500000,0x000000accb600000] [id=26304]
  0x0000029590e6e3c0 ConcurrentGCThread "G1 Main Marker" [stack: 0x000000acc9700000,0x000000acc9800000] [id=12792]
  0x0000029590e6f570 ConcurrentGCThread "G1 Conc#0" [stack: 0x000000acc9800000,0x000000acc9900000] [id=23220]
  0x00000295b0f76500 ConcurrentGCThread "G1 Refine#0" [stack: 0x000000acc9900000,0x000000acc9a00000] [id=16024]
  0x00000295b29cfd10 ConcurrentGCThread "G1 Refine#1" [stack: 0x000000accb600000,0x000000accb700000] [id=19180]
  0x00000295b0f78b40 ConcurrentGCThread "G1 Service" [stack: 0x000000acc9a00000,0x000000acc9b00000] [id=9220]

Threads with active compile tasks:

VM state: not at safepoint (normal execution)

VM Mutex/Monitor currently owned by a thread:  ([mutex/lock_event])
[0x0000029590de1e40] Metaspace_lock - owner thread: 0x00000295b2a42350

Heap address: 0x0000000601400000, size: 8172 MB, Compressed Oops mode: Zero based, Oop shift amount: 3

CDS archive(s) mapped at: [0x0000000800000000-0x0000000800bc0000-0x0000000800bc0000), size 12320768, SharedBaseAddress: 0x0000000800000000, ArchiveRelocationMode: 0.
Compressed class space mapped at: 0x0000000800c00000-0x0000000840c00000, reserved size: 1073741824
Narrow klass base: 0x0000000800000000, Narrow klass shift: 0, Narrow klass range: 0x100000000

GC Precious Log:
 CPUs: 8 total, 8 available
 Memory: 32686M
 Large Page Support: Disabled
 NUMA Support: Disabled
 Compressed Oops: Enabled (Zero based)
 Heap Region Size: 4M
 Heap Min Capacity: 8M
 Heap Initial Capacity: 512M
 Heap Max Capacity: 8172M
 Pre-touch: Disabled
 Parallel Workers: 8
 Concurrent Workers: 2
 Concurrent Refinement Workers: 8
 Periodic GC: Disabled

Heap:
 garbage-first heap   total 524288K, used 52595K [0x0000000601400000, 0x0000000800000000)
  region size 4096K, 13 young (53248K), 2 survivors (8192K)
 Metaspace       used 20587K, committed 20864K, reserved 1073152K
  class space    used 2735K, committed 2880K, reserved 1048576K

Heap Regions: E=young(eden), S=young(survivor), O=old, HS=humongous(starts), HC=humongous(continues), CS=collection set, F=free, OA=open archive, CA=closed archive, TAMS=top-at-mark-start (previous, next)
|   0|0x0000000601400000, 0x0000000601800000, 0x0000000601800000|100%| O|  |TAMS 0x0000000601400000, 0x0000000601400000| Untracked 
|   1|0x0000000601800000, 0x0000000601a2e400, 0x0000000601c00000| 54%| O|  |TAMS 0x0000000601800000, 0x0000000601800000| Untracked 
|   2|0x0000000601c00000, 0x0000000601c00000, 0x0000000602000000|  0%| F|  |TAMS 0x0000000601c00000, 0x0000000601c00000| Untracked 
|   3|0x0000000602000000, 0x0000000602000000, 0x0000000602400000|  0%| F|  |TAMS 0x0000000602000000, 0x0000000602000000| Untracked 
|   4|0x0000000602400000, 0x0000000602400000, 0x0000000602800000|  0%| F|  |TAMS 0x0000000602400000, 0x0000000602400000| Untracked 
|   5|0x0000000602800000, 0x0000000602800000, 0x0000000602c00000|  0%| F|  |TAMS 0x0000000602800000, 0x0000000602800000| Untracked 
|   6|0x0000000602c00000, 0x0000000602c00000, 0x0000000603000000|  0%| F|  |TAMS 0x0000000602c00000, 0x0000000602c00000| Untracked 
|   7|0x0000000603000000, 0x0000000603000000, 0x0000000603400000|  0%| F|  |TAMS 0x0000000603000000, 0x0000000603000000| Untracked 
|   8|0x0000000603400000, 0x0000000603400000, 0x0000000603800000|  0%| F|  |TAMS 0x0000000603400000, 0x0000000603400000| Untracked 
|   9|0x0000000603800000, 0x0000000603800000, 0x0000000603c00000|  0%| F|  |TAMS 0x0000000603800000, 0x0000000603800000| Untracked 
|  10|0x0000000603c00000, 0x0000000603c00000, 0x0000000604000000|  0%| F|  |TAMS 0x0000000603c00000, 0x0000000603c00000| Untracked 
|  11|0x0000000604000000, 0x0000000604000000, 0x0000000604400000|  0%| F|  |TAMS 0x0000000604000000, 0x0000000604000000| Untracked 
|  12|0x0000000604400000, 0x0000000604400000, 0x0000000604800000|  0%| F|  |TAMS 0x0000000604400000, 0x0000000604400000| Untracked 
|  13|0x0000000604800000, 0x0000000604800000, 0x0000000604c00000|  0%| F|  |TAMS 0x0000000604800000, 0x0000000604800000| Untracked 
|  14|0x0000000604c00000, 0x0000000604c00000, 0x0000000605000000|  0%| F|  |TAMS 0x0000000604c00000, 0x0000000604c00000| Untracked 
|  15|0x0000000605000000, 0x0000000605000000, 0x0000000605400000|  0%| F|  |TAMS 0x0000000605000000, 0x0000000605000000| Untracked 
|  16|0x0000000605400000, 0x0000000605400000, 0x0000000605800000|  0%| F|  |TAMS 0x0000000605400000, 0x0000000605400000| Untracked 
|  17|0x0000000605800000, 0x0000000605800000, 0x0000000605c00000|  0%| F|  |TAMS 0x0000000605800000, 0x0000000605800000| Untracked 
|  18|0x0000000605c00000, 0x0000000605c00000, 0x0000000606000000|  0%| F|  |TAMS 0x0000000605c00000, 0x0000000605c00000| Untracked 
|  19|0x0000000606000000, 0x0000000606000000, 0x0000000606400000|  0%| F|  |TAMS 0x0000000606000000, 0x0000000606000000| Untracked 
|  20|0x0000000606400000, 0x0000000606400000, 0x0000000606800000|  0%| F|  |TAMS 0x0000000606400000, 0x0000000606400000| Untracked 
|  21|0x0000000606800000, 0x0000000606800000, 0x0000000606c00000|  0%| F|  |TAMS 0x0000000606800000, 0x0000000606800000| Untracked 
|  22|0x0000000606c00000, 0x0000000606c00000, 0x0000000607000000|  0%| F|  |TAMS 0x0000000606c00000, 0x0000000606c00000| Untracked 
|  23|0x0000000607000000, 0x0000000607000000, 0x0000000607400000|  0%| F|  |TAMS 0x0000000607000000, 0x0000000607000000| Untracked 
|  24|0x0000000607400000, 0x0000000607400000, 0x0000000607800000|  0%| F|  |TAMS 0x0000000607400000, 0x0000000607400000| Untracked 
|  25|0x0000000607800000, 0x0000000607800000, 0x0000000607c00000|  0%| F|  |TAMS 0x0000000607800000, 0x0000000607800000| Untracked 
|  26|0x0000000607c00000, 0x0000000607c00000, 0x0000000608000000|  0%| F|  |TAMS 0x0000000607c00000, 0x0000000607c00000| Untracked 
|  27|0x0000000608000000, 0x0000000608000000, 0x0000000608400000|  0%| F|  |TAMS 0x0000000608000000, 0x0000000608000000| Untracked 
|  28|0x0000000608400000, 0x0000000608400000, 0x0000000608800000|  0%| F|  |TAMS 0x0000000608400000, 0x0000000608400000| Untracked 
|  29|0x0000000608800000, 0x0000000608800000, 0x0000000608c00000|  0%| F|  |TAMS 0x0000000608800000, 0x0000000608800000| Untracked 
|  30|0x0000000608c00000, 0x0000000608c00000, 0x0000000609000000|  0%| F|  |TAMS 0x0000000608c00000, 0x0000000608c00000| Untracked 
|  31|0x0000000609000000, 0x0000000609000000, 0x0000000609400000|  0%| F|  |TAMS 0x0000000609000000, 0x0000000609000000| Untracked 
|  32|0x0000000609400000, 0x0000000609400000, 0x0000000609800000|  0%| F|  |TAMS 0x0000000609400000, 0x0000000609400000| Untracked 
|  33|0x0000000609800000, 0x0000000609800000, 0x0000000609c00000|  0%| F|  |TAMS 0x0000000609800000, 0x0000000609800000| Untracked 
|  34|0x0000000609c00000, 0x0000000609c00000, 0x000000060a000000|  0%| F|  |TAMS 0x0000000609c00000, 0x0000000609c00000| Untracked 
|  35|0x000000060a000000, 0x000000060a000000, 0x000000060a400000|  0%| F|  |TAMS 0x000000060a000000, 0x000000060a000000| Untracked 
|  36|0x000000060a400000, 0x000000060a400000, 0x000000060a800000|  0%| F|  |TAMS 0x000000060a400000, 0x000000060a400000| Untracked 
|  37|0x000000060a800000, 0x000000060a800000, 0x000000060ac00000|  0%| F|  |TAMS 0x000000060a800000, 0x000000060a800000| Untracked 
|  38|0x000000060ac00000, 0x000000060ac00000, 0x000000060b000000|  0%| F|  |TAMS 0x000000060ac00000, 0x000000060ac00000| Untracked 
|  39|0x000000060b000000, 0x000000060b000000, 0x000000060b400000|  0%| F|  |TAMS 0x000000060b000000, 0x000000060b000000| Untracked 
|  40|0x000000060b400000, 0x000000060b400000, 0x000000060b800000|  0%| F|  |TAMS 0x000000060b400000, 0x000000060b400000| Untracked 
|  41|0x000000060b800000, 0x000000060b800000, 0x000000060bc00000|  0%| F|  |TAMS 0x000000060b800000, 0x000000060b800000| Untracked 
|  42|0x000000060bc00000, 0x000000060bc00000, 0x000000060c000000|  0%| F|  |TAMS 0x000000060bc00000, 0x000000060bc00000| Untracked 
|  43|0x000000060c000000, 0x000000060c000000, 0x000000060c400000|  0%| F|  |TAMS 0x000000060c000000, 0x000000060c000000| Untracked 
|  44|0x000000060c400000, 0x000000060c400000, 0x000000060c800000|  0%| F|  |TAMS 0x000000060c400000, 0x000000060c400000| Untracked 
|  45|0x000000060c800000, 0x000000060c800000, 0x000000060cc00000|  0%| F|  |TAMS 0x000000060c800000, 0x000000060c800000| Untracked 
|  46|0x000000060cc00000, 0x000000060cc00000, 0x000000060d000000|  0%| F|  |TAMS 0x000000060cc00000, 0x000000060cc00000| Untracked 
|  47|0x000000060d000000, 0x000000060d000000, 0x000000060d400000|  0%| F|  |TAMS 0x000000060d000000, 0x000000060d000000| Untracked 
|  48|0x000000060d400000, 0x000000060d400000, 0x000000060d800000|  0%| F|  |TAMS 0x000000060d400000, 0x000000060d400000| Untracked 
|  49|0x000000060d800000, 0x000000060d800000, 0x000000060dc00000|  0%| F|  |TAMS 0x000000060d800000, 0x000000060d800000| Untracked 
|  50|0x000000060dc00000, 0x000000060dc00000, 0x000000060e000000|  0%| F|  |TAMS 0x000000060dc00000, 0x000000060dc00000| Untracked 
|  51|0x000000060e000000, 0x000000060e000000, 0x000000060e400000|  0%| F|  |TAMS 0x000000060e000000, 0x000000060e000000| Untracked 
|  52|0x000000060e400000, 0x000000060e400000, 0x000000060e800000|  0%| F|  |TAMS 0x000000060e400000, 0x000000060e400000| Untracked 
|  53|0x000000060e800000, 0x000000060e800000, 0x000000060ec00000|  0%| F|  |TAMS 0x000000060e800000, 0x000000060e800000| Untracked 
|  54|0x000000060ec00000, 0x000000060ec00000, 0x000000060f000000|  0%| F|  |TAMS 0x000000060ec00000, 0x000000060ec00000| Untracked 
|  55|0x000000060f000000, 0x000000060f000000, 0x000000060f400000|  0%| F|  |TAMS 0x000000060f000000, 0x000000060f000000| Untracked 
|  56|0x000000060f400000, 0x000000060f400000, 0x000000060f800000|  0%| F|  |TAMS 0x000000060f400000, 0x000000060f400000| Untracked 
|  57|0x000000060f800000, 0x000000060f800000, 0x000000060fc00000|  0%| F|  |TAMS 0x000000060f800000, 0x000000060f800000| Untracked 
|  58|0x000000060fc00000, 0x000000060fc00000, 0x0000000610000000|  0%| F|  |TAMS 0x000000060fc00000, 0x000000060fc00000| Untracked 
|  59|0x0000000610000000, 0x0000000610000000, 0x0000000610400000|  0%| F|  |TAMS 0x0000000610000000, 0x0000000610000000| Untracked 
|  60|0x0000000610400000, 0x0000000610400000, 0x0000000610800000|  0%| F|  |TAMS 0x0000000610400000, 0x0000000610400000| Untracked 
|  61|0x0000000610800000, 0x0000000610800000, 0x0000000610c00000|  0%| F|  |TAMS 0x0000000610800000, 0x0000000610800000| Untracked 
|  62|0x0000000610c00000, 0x0000000610c00000, 0x0000000611000000|  0%| F|  |TAMS 0x0000000610c00000, 0x0000000610c00000| Untracked 
|  63|0x0000000611000000, 0x0000000611000000, 0x0000000611400000|  0%| F|  |TAMS 0x0000000611000000, 0x0000000611000000| Untracked 
|  64|0x0000000611400000, 0x0000000611400000, 0x0000000611800000|  0%| F|  |TAMS 0x0000000611400000, 0x0000000611400000| Untracked 
|  65|0x0000000611800000, 0x0000000611800000, 0x0000000611c00000|  0%| F|  |TAMS 0x0000000611800000, 0x0000000611800000| Untracked 
|  66|0x0000000611c00000, 0x0000000611c00000, 0x0000000612000000|  0%| F|  |TAMS 0x0000000611c00000, 0x0000000611c00000| Untracked 
|  67|0x0000000612000000, 0x0000000612000000, 0x0000000612400000|  0%| F|  |TAMS 0x0000000612000000, 0x0000000612000000| Untracked 
|  68|0x0000000612400000, 0x0000000612400000, 0x0000000612800000|  0%| F|  |TAMS 0x0000000612400000, 0x0000000612400000| Untracked 
|  69|0x0000000612800000, 0x0000000612800000, 0x0000000612c00000|  0%| F|  |TAMS 0x0000000612800000, 0x0000000612800000| Untracked 
|  70|0x0000000612c00000, 0x0000000612c00000, 0x0000000613000000|  0%| F|  |TAMS 0x0000000612c00000, 0x0000000612c00000| Untracked 
|  71|0x0000000613000000, 0x0000000613000000, 0x0000000613400000|  0%| F|  |TAMS 0x0000000613000000, 0x0000000613000000| Untracked 
|  72|0x0000000613400000, 0x0000000613400000, 0x0000000613800000|  0%| F|  |TAMS 0x0000000613400000, 0x0000000613400000| Untracked 
|  73|0x0000000613800000, 0x0000000613800000, 0x0000000613c00000|  0%| F|  |TAMS 0x0000000613800000, 0x0000000613800000| Untracked 
|  74|0x0000000613c00000, 0x0000000613c00000, 0x0000000614000000|  0%| F|  |TAMS 0x0000000613c00000, 0x0000000613c00000| Untracked 
|  75|0x0000000614000000, 0x0000000614000000, 0x0000000614400000|  0%| F|  |TAMS 0x0000000614000000, 0x0000000614000000| Untracked 
|  76|0x0000000614400000, 0x0000000614400000, 0x0000000614800000|  0%| F|  |TAMS 0x0000000614400000, 0x0000000614400000| Untracked 
|  77|0x0000000614800000, 0x0000000614800000, 0x0000000614c00000|  0%| F|  |TAMS 0x0000000614800000, 0x0000000614800000| Untracked 
|  78|0x0000000614c00000, 0x0000000614c00000, 0x0000000615000000|  0%| F|  |TAMS 0x0000000614c00000, 0x0000000614c00000| Untracked 
|  79|0x0000000615000000, 0x0000000615000000, 0x0000000615400000|  0%| F|  |TAMS 0x0000000615000000, 0x0000000615000000| Untracked 
|  80|0x0000000615400000, 0x0000000615400000, 0x0000000615800000|  0%| F|  |TAMS 0x0000000615400000, 0x0000000615400000| Untracked 
|  81|0x0000000615800000, 0x0000000615800000, 0x0000000615c00000|  0%| F|  |TAMS 0x0000000615800000, 0x0000000615800000| Untracked 
|  82|0x0000000615c00000, 0x0000000615c00000, 0x0000000616000000|  0%| F|  |TAMS 0x0000000615c00000, 0x0000000615c00000| Untracked 
|  83|0x0000000616000000, 0x0000000616000000, 0x0000000616400000|  0%| F|  |TAMS 0x0000000616000000, 0x0000000616000000| Untracked 
|  84|0x0000000616400000, 0x0000000616400000, 0x0000000616800000|  0%| F|  |TAMS 0x0000000616400000, 0x0000000616400000| Untracked 
|  85|0x0000000616800000, 0x0000000616800000, 0x0000000616c00000|  0%| F|  |TAMS 0x0000000616800000, 0x0000000616800000| Untracked 
|  86|0x0000000616c00000, 0x0000000616c00000, 0x0000000617000000|  0%| F|  |TAMS 0x0000000616c00000, 0x0000000616c00000| Untracked 
|  87|0x0000000617000000, 0x0000000617000000, 0x0000000617400000|  0%| F|  |TAMS 0x0000000617000000, 0x0000000617000000| Untracked 
|  88|0x0000000617400000, 0x0000000617400000, 0x0000000617800000|  0%| F|  |TAMS 0x0000000617400000, 0x0000000617400000| Untracked 
|  89|0x0000000617800000, 0x0000000617800000, 0x0000000617c00000|  0%| F|  |TAMS 0x0000000617800000, 0x0000000617800000| Untracked 
|  90|0x0000000617c00000, 0x0000000617c00000, 0x0000000618000000|  0%| F|  |TAMS 0x0000000617c00000, 0x0000000617c00000| Untracked 
|  91|0x0000000618000000, 0x0000000618000000, 0x0000000618400000|  0%| F|  |TAMS 0x0000000618000000, 0x0000000618000000| Untracked 
|  92|0x0000000618400000, 0x0000000618400000, 0x0000000618800000|  0%| F|  |TAMS 0x0000000618400000, 0x0000000618400000| Untracked 
|  93|0x0000000618800000, 0x0000000618800000, 0x0000000618c00000|  0%| F|  |TAMS 0x0000000618800000, 0x0000000618800000| Untracked 
|  94|0x0000000618c00000, 0x0000000618c00000, 0x0000000619000000|  0%| F|  |TAMS 0x0000000618c00000, 0x0000000618c00000| Untracked 
|  95|0x0000000619000000, 0x0000000619000000, 0x0000000619400000|  0%| F|  |TAMS 0x0000000619000000, 0x0000000619000000| Untracked 
|  96|0x0000000619400000, 0x0000000619400000, 0x0000000619800000|  0%| F|  |TAMS 0x0000000619400000, 0x0000000619400000| Untracked 
|  97|0x0000000619800000, 0x0000000619800000, 0x0000000619c00000|  0%| F|  |TAMS 0x0000000619800000, 0x0000000619800000| Untracked 
|  98|0x0000000619c00000, 0x0000000619c00000, 0x000000061a000000|  0%| F|  |TAMS 0x0000000619c00000, 0x0000000619c00000| Untracked 
|  99|0x000000061a000000, 0x000000061a000000, 0x000000061a400000|  0%| F|  |TAMS 0x000000061a000000, 0x000000061a000000| Untracked 
| 100|0x000000061a400000, 0x000000061a400000, 0x000000061a800000|  0%| F|  |TAMS 0x000000061a400000, 0x000000061a400000| Untracked 
| 101|0x000000061a800000, 0x000000061a800000, 0x000000061ac00000|  0%| F|  |TAMS 0x000000061a800000, 0x000000061a800000| Untracked 
| 102|0x000000061ac00000, 0x000000061ac00000, 0x000000061b000000|  0%| F|  |TAMS 0x000000061ac00000, 0x000000061ac00000| Untracked 
| 103|0x000000061b000000, 0x000000061b000000, 0x000000061b400000|  0%| F|  |TAMS 0x000000061b000000, 0x000000061b000000| Untracked 
| 104|0x000000061b400000, 0x000000061b400000, 0x000000061b800000|  0%| F|  |TAMS 0x000000061b400000, 0x000000061b400000| Untracked 
| 105|0x000000061b800000, 0x000000061b800000, 0x000000061bc00000|  0%| F|  |TAMS 0x000000061b800000, 0x000000061b800000| Untracked 
| 106|0x000000061bc00000, 0x000000061bd2ea80, 0x000000061c000000| 29%| S|CS|TAMS 0x000000061bc00000, 0x000000061bc00000| Complete 
| 107|0x000000061c000000, 0x000000061c400000, 0x000000061c400000|100%| S|CS|TAMS 0x000000061c000000, 0x000000061c000000| Complete 
| 108|0x000000061c400000, 0x000000061c400000, 0x000000061c800000|  0%| F|  |TAMS 0x000000061c400000, 0x000000061c400000| Untracked 
| 109|0x000000061c800000, 0x000000061c800000, 0x000000061cc00000|  0%| F|  |TAMS 0x000000061c800000, 0x000000061c800000| Untracked 
| 110|0x000000061cc00000, 0x000000061cc00000, 0x000000061d000000|  0%| F|  |TAMS 0x000000061cc00000, 0x000000061cc00000| Untracked 
| 111|0x000000061d000000, 0x000000061d000000, 0x000000061d400000|  0%| F|  |TAMS 0x000000061d000000, 0x000000061d000000| Untracked 
| 112|0x000000061d400000, 0x000000061d400000, 0x000000061d800000|  0%| F|  |TAMS 0x000000061d400000, 0x000000061d400000| Untracked 
| 113|0x000000061d800000, 0x000000061d800000, 0x000000061dc00000|  0%| F|  |TAMS 0x000000061d800000, 0x000000061d800000| Untracked 
| 114|0x000000061dc00000, 0x000000061dc00000, 0x000000061e000000|  0%| F|  |TAMS 0x000000061dc00000, 0x000000061dc00000| Untracked 
| 115|0x000000061e000000, 0x000000061e000000, 0x000000061e400000|  0%| F|  |TAMS 0x000000061e000000, 0x000000061e000000| Untracked 
| 116|0x000000061e400000, 0x000000061e400000, 0x000000061e800000|  0%| F|  |TAMS 0x000000061e400000, 0x000000061e400000| Untracked 
| 117|0x000000061e800000, 0x000000061ea00800, 0x000000061ec00000| 50%| E|  |TAMS 0x000000061e800000, 0x000000061e800000| Complete 
| 118|0x000000061ec00000, 0x000000061f000000, 0x000000061f000000|100%| E|CS|TAMS 0x000000061ec00000, 0x000000061ec00000| Complete 
| 119|0x000000061f000000, 0x000000061f400000, 0x000000061f400000|100%| E|CS|TAMS 0x000000061f000000, 0x000000061f000000| Complete 
| 120|0x000000061f400000, 0x000000061f800000, 0x000000061f800000|100%| E|CS|TAMS 0x000000061f400000, 0x000000061f400000| Complete 
| 121|0x000000061f800000, 0x000000061fc00000, 0x000000061fc00000|100%| E|CS|TAMS 0x000000061f800000, 0x000000061f800000| Complete 
| 122|0x000000061fc00000, 0x0000000620000000, 0x0000000620000000|100%| E|CS|TAMS 0x000000061fc00000, 0x000000061fc00000| Complete 
| 123|0x0000000620000000, 0x0000000620400000, 0x0000000620400000|100%| E|CS|TAMS 0x0000000620000000, 0x0000000620000000| Complete 
| 124|0x0000000620400000, 0x0000000620800000, 0x0000000620800000|100%| E|CS|TAMS 0x0000000620400000, 0x0000000620400000| Complete 
| 125|0x0000000620800000, 0x0000000620c00000, 0x0000000620c00000|100%| E|CS|TAMS 0x0000000620800000, 0x0000000620800000| Complete 
| 126|0x0000000620c00000, 0x0000000621000000, 0x0000000621000000|100%| E|CS|TAMS 0x0000000620c00000, 0x0000000620c00000| Complete 
| 127|0x0000000621000000, 0x0000000621400000, 0x0000000621400000|100%| E|CS|TAMS 0x0000000621000000, 0x0000000621000000| Complete 

Card table byte_map: [0x000002959c6f0000,0x000002959d6f0000] _byte_map_base: 0x00000295996e6000

Marking Bits (Prev, Next): (CMBitMap*) 0x0000029590e5db40, (CMBitMap*) 0x0000029590e5db80
 Prev Bits: [0x000002959e6f0000, 0x00000295a66a0000)
 Next Bits: [0x00000295a66a0000, 0x00000295ae650000)

Polling page: 0x000002958ec00000

Metaspace:

Usage:
  Non-class:     17.43 MB used.
      Class:      2.67 MB used.
       Both:     20.10 MB used.

Virtual space:
  Non-class space:       24.00 MB reserved,      17.56 MB ( 73%) committed,  3 nodes.
      Class space:        1.00 GB reserved,       2.81 MB ( <1%) committed,  1 nodes.
             Both:        1.02 GB reserved,      20.38 MB (  2%) committed. 

Chunk freelists:
   Non-Class:  2.36 MB
       Class:  1.02 MB
        Both:  3.38 MB

MaxMetaspaceSize: unlimited
CompressedClassSpaceSize: 1.00 GB
Initial GC threshold: 21.00 MB
Current GC threshold: 21.00 MB
CDS: on
MetaspaceReclaimPolicy: balanced
 - commit_granule_bytes: 65536.
 - commit_granule_words: 8192.
 - virtual_space_node_default_size: 1048576.
 - enlarge_chunks_in_place: 1.
 - new_chunks_are_fully_committed: 0.
 - uncommit_free_chunks: 1.
 - use_allocation_guard: 0.
 - handle_deallocations: 1.


Internal statistics:

num_allocs_failed_limit: 0.
num_arena_births: 334.
num_arena_deaths: 0.
num_vsnodes_births: 4.
num_vsnodes_deaths: 0.
num_space_committed: 326.
num_space_uncommitted: 0.
num_chunks_returned_to_freelist: 0.
num_chunks_taken_from_freelist: 1017.
num_chunk_merges: 0.
num_chunk_splits: 661.
num_chunks_enlarged: 461.
num_purges: 0.
num_inconsistent_stats: 0.

CodeCache: size=49152Kb used=8647Kb max_used=8647Kb free=40504Kb
 bounds [0x00000295985e0000, 0x0000029598e60000, 0x000002959b5e0000]
 total_blobs=3898 nmethods=3415 adapters=407
 compilation: enabled
              stopped_count=0, restarted_count=0
 full_count=0

Compilation events (20 events):
Event: 3.252 Thread 0x00000295b2807260 3405       1       org.springframework.util.Assert::isTrue (17 bytes)
Event: 3.252 Thread 0x00000295b2807260 nmethod 3405 0x0000029598e4d090 code [0x0000029598e4d240, 0x0000029598e4d3f8]
Event: 3.252 Thread 0x00000295b2807260 3406   !   1       org.springframework.beans.factory.support.AbstractBeanFactory::resolveBeanClass (117 bytes)
Event: 3.253 Thread 0x00000295b2807260 nmethod 3406 0x0000029598e4d510 code [0x0000029598e4d7e0, 0x0000029598e4e258]
Event: 3.257 Thread 0x00000295b1cff510 3408       1       java.beans.FeatureDescriptor::getName (5 bytes)
Event: 3.257 Thread 0x00000295b1cfdf90 3409       1       java.util.StringJoiner::add (110 bytes)
Event: 3.257 Thread 0x00000295b1cff510 nmethod 3408 0x0000029598e4ef90 code [0x0000029598e4f120, 0x0000029598e4f1f8]
Event: 3.257 Thread 0x00000295b1cfdf90 nmethod 3409 0x0000029598e4f290 code [0x0000029598e4f480, 0x0000029598e4f998]
Event: 3.258 Thread 0x00000295b1cfdf90 3410       1       java.lang.Class::getGenericInterfaces (21 bytes)
Event: 3.258 Thread 0x00000295b1c10db0 3411       1       java.beans.FeatureDescriptor::setName (6 bytes)
Event: 3.258 Thread 0x00000295b1c10db0 nmethod 3411 0x0000029598e4fc90 code [0x0000029598e4fe20, 0x0000029598e4ff38]
Event: 3.258 Thread 0x00000295b1cfdf90 nmethod 3410 0x0000029598e4ff90 code [0x0000029598e50160, 0x0000029598e503b8]
Event: 3.258 Thread 0x00000295b1cfdf90 3412       1       java.beans.FeatureDescriptor::getClass0 (22 bytes)
Event: 3.258 Thread 0x00000295b1cfdf90 nmethod 3412 0x0000029598e50510 code [0x0000029598e506c0, 0x0000029598e50828]
Event: 3.260 Thread 0x00000295b1cfdf90 3413       1       java.lang.invoke.Invokers$Holder::linkToTargetMethod (11 bytes)
Event: 3.260 Thread 0x00000295b1cfdf90 nmethod 3413 0x0000029598e50910 code [0x0000029598e50ac0, 0x0000029598e50bf8]
Event: 3.261 Thread 0x00000295b2807260 3414       1       sun.reflect.misc.ReflectUtil::checkPackageAccess (14 bytes)
Event: 3.262 Thread 0x00000295b2807260 nmethod 3414 0x0000029598e50d10 code [0x0000029598e50f40, 0x0000029598e515b8]
Event: 3.263 Thread 0x00000295b1c10db0 3415       1       java.lang.invoke.DirectMethodHandle$Holder::newInvokeSpecial (28 bytes)
Event: 3.263 Thread 0x00000295b1c10db0 nmethod 3415 0x0000029598e51a90 code [0x0000029598e51c40, 0x0000029598e51e08]

GC Heap History (6 events):
Event: 0.499 GC heap before
{Heap before GC invocations=0 (full 0):
 garbage-first heap   total 524288K, used 20480K [0x0000000601400000, 0x0000000800000000)
  region size 4096K, 6 young (24576K), 0 survivors (0K)
 Metaspace       used 5508K, committed 5696K, reserved 1056768K
  class space    used 651K, committed 768K, reserved 1048576K
}
Event: 0.502 GC heap after
{Heap after GC invocations=1 (full 0):
 garbage-first heap   total 524288K, used 6220K [0x0000000601400000, 0x0000000800000000)
  region size 4096K, 1 young (4096K), 1 survivors (4096K)
 Metaspace       used 5508K, committed 5696K, reserved 1056768K
  class space    used 651K, committed 768K, reserved 1048576K
}
Event: 1.189 GC heap before
{Heap before GC invocations=1 (full 0):
 garbage-first heap   total 524288K, used 26700K [0x0000000601400000, 0x0000000800000000)
  region size 4096K, 6 young (24576K), 1 survivors (4096K)
 Metaspace       used 8143K, committed 8384K, reserved 1056768K
  class space    used 1028K, committed 1152K, reserved 1048576K
}
Event: 1.190 GC heap after
{Heap after GC invocations=2 (full 0):
 garbage-first heap   total 524288K, used 7506K [0x0000000601400000, 0x0000000800000000)
  region size 4096K, 1 young (4096K), 1 survivors (4096K)
 Metaspace       used 8143K, committed 8384K, reserved 1056768K
  class space    used 1028K, committed 1152K, reserved 1048576K
}
Event: 2.556 GC heap before
{Heap before GC invocations=2 (full 0):
 garbage-first heap   total 524288K, used 81234K [0x0000000601400000, 0x0000000800000000)
  region size 4096K, 20 young (81920K), 1 survivors (4096K)
 Metaspace       used 17319K, committed 17600K, reserved 1064960K
  class space    used 2289K, committed 2432K, reserved 1048576K
}
Event: 2.558 GC heap after
{Heap after GC invocations=3 (full 0):
 garbage-first heap   total 524288K, used 11635K [0x0000000601400000, 0x0000000800000000)
  region size 4096K, 2 young (8192K), 2 survivors (8192K)
 Metaspace       used 17319K, committed 17600K, reserved 1064960K
  class space    used 2289K, committed 2432K, reserved 1048576K
}

Deoptimization events (20 events):
Event: 3.262 Thread 0x00000295b2a42350 DEOPT PACKING pc=0x0000029598a604fc sp=0x000000accb8fc000
Event: 3.262 Thread 0x00000295b2a42350 DEOPT UNPACKING pc=0x0000029598632b43 sp=0x000000accb8fb4b8 mode 1
Event: 3.262 Thread 0x00000295b2a42350 DEOPT PACKING pc=0x000002959895e1dc sp=0x000000accb8fc9e0
Event: 3.262 Thread 0x00000295b2a42350 DEOPT UNPACKING pc=0x0000029598632b43 sp=0x000000accb8fbed0 mode 1
Event: 3.262 Thread 0x00000295b2a42350 DEOPT PACKING pc=0x0000029598a604fc sp=0x000000accb8fcb50
Event: 3.262 Thread 0x00000295b2a42350 DEOPT UNPACKING pc=0x0000029598632b43 sp=0x000000accb8fc008 mode 1
Event: 3.262 Thread 0x00000295b2a42350 DEOPT PACKING pc=0x000002959895e1dc sp=0x000000accb8fd530
Event: 3.262 Thread 0x00000295b2a42350 DEOPT UNPACKING pc=0x0000029598632b43 sp=0x000000accb8fca20 mode 1
Event: 3.262 Thread 0x00000295b2a42350 DEOPT PACKING pc=0x0000029598c3a424 sp=0x000000accb8fd570
Event: 3.262 Thread 0x00000295b2a42350 DEOPT UNPACKING pc=0x0000029598632b43 sp=0x000000accb8fca40 mode 1
Event: 3.263 Thread 0x00000295b2a42350 DEOPT PACKING pc=0x0000029598dbd0e4 sp=0x000000accb8fd4d0
Event: 3.263 Thread 0x00000295b2a42350 DEOPT UNPACKING pc=0x0000029598632b43 sp=0x000000accb8fca48 mode 1
Event: 3.263 Thread 0x00000295b2a42350 DEOPT PACKING pc=0x0000029598dbd0e4 sp=0x000000accb8fd550
Event: 3.263 Thread 0x00000295b2a42350 DEOPT UNPACKING pc=0x0000029598632b43 sp=0x000000accb8fcac8 mode 1
Event: 3.263 Thread 0x00000295b2a42350 DEOPT PACKING pc=0x0000029598dbd0e4 sp=0x000000accb8fd550
Event: 3.263 Thread 0x00000295b2a42350 DEOPT UNPACKING pc=0x0000029598632b43 sp=0x000000accb8fcac8 mode 1
Event: 3.263 Thread 0x00000295b2a42350 DEOPT PACKING pc=0x0000029598dbd0e4 sp=0x000000accb8fd550
Event: 3.263 Thread 0x00000295b2a42350 DEOPT UNPACKING pc=0x0000029598632b43 sp=0x000000accb8fcac8 mode 1
Event: 3.263 Thread 0x00000295b2a42350 DEOPT PACKING pc=0x0000029598d2d06c sp=0x000000accb8fd4f0
Event: 3.263 Thread 0x00000295b2a42350 DEOPT UNPACKING pc=0x0000029598632b43 sp=0x000000accb8fca38 mode 1

Classes unloaded (0 events):
No events

Classes redefined (0 events):
No events

Internal exceptions (20 events):
Event: 1.797 Thread 0x00000295b2a42350 Exception <a 'java/lang/ClassNotFoundException'{0x000000061e8f3c98}: org/springframework/context/EnvironmentAwareCustomizer> (0x000000061e8f3c98) 
thrown [t:\workspace\open\src\hotspot\share\classfile\systemDictionary.cpp, line 256]
Event: 1.799 Thread 0x00000295b2a42350 Exception <a 'java/lang/ClassNotFoundException'{0x000000061e8fa0f0}: org/springframework/beans/factory/AwareCustomizer> (0x000000061e8fa0f0) 
thrown [t:\workspace\open\src\hotspot\share\classfile\systemDictionary.cpp, line 256]
Event: 1.891 Thread 0x00000295b30cca60 Exception <a 'java/lang/NoSuchMethodError'{0x000000061e4aabf8}: static [B.<clinit>()V> (0x000000061e4aabf8) 
thrown [t:\workspace\open\src\hotspot\share\prims\jni.cpp, line 1107]
Event: 1.921 Thread 0x00000295b30cca60 Exception <a 'java/lang/ClassNotFoundException'{0x000000061e5c6a40}: javax/management/remote/rmi/RMIConnectionImpl_Skel> (0x000000061e5c6a40) 
thrown [t:\workspace\open\src\hotspot\share\classfile\systemDictionary.cpp, line 256]
Event: 1.923 Thread 0x00000295b30d6ee0 Exception <a 'java/lang/NoSuchMethodError'{0x000000061e653eb0}: 'java.lang.Object java.lang.invoke.Invokers$Holder.linkToTargetMethod(java.lang.Object, long, java.lang.Object)'> (0x000000061e653eb0) 
thrown [t:\workspace\open\src\hotspot\share\interpreter\linkResolver.cpp, line 766]
Event: 1.929 Thread 0x00000295b30cca60 Exception <a 'java/lang/reflect/InvocationTargetException'{0x000000061e705b00}> (0x000000061e705b00) 
thrown [t:\workspace\open\src\hotspot\share\runtime\reflection.cpp, line 1121]
Event: 1.932 Thread 0x00000295b30cca60 Exception <a 'java/lang/NoSuchMethodError'{0x000000061e72bd58}: static [Ljava/lang/StackTraceElement;.<clinit>()V> (0x000000061e72bd58) 
thrown [t:\workspace\open\src\hotspot\share\prims\jni.cpp, line 1107]
Event: 2.043 Thread 0x00000295b2a42350 Exception <a 'java/lang/NoSuchMethodError'{0x000000061e3210b8}: 'void java.lang.invoke.DirectMethodHandle$Holder.invokeInterface(java.lang.Object, java.lang.Object, java.lang.Object, java.lang.Object)'> (0x000000061e3210b8) 
thrown [t:\workspace\open\src\hotspot\share\interpreter\linkResolver.cpp, line 766]
Event: 2.443 Thread 0x00000295b30cca60 Exception <a 'java/lang/reflect/InvocationTargetException'{0x000000061e7bb568}> (0x000000061e7bb568) 
thrown [t:\workspace\open\src\hotspot\share\runtime\reflection.cpp, line 1121]
Event: 2.465 Thread 0x00000295b2a42350 Exception <a 'java/lang/IncompatibleClassChangeError'{0x000000061caff030}: Found class java.lang.Object, but interface was expected> (0x000000061caff030) 
thrown [t:\workspace\open\src\hotspot\share\interpreter\linkResolver.cpp, line 833]
Event: 2.949 Thread 0x00000295b30cca60 Exception <a 'java/lang/reflect/InvocationTargetException'{0x000000061fa0d658}> (0x000000061fa0d658) 
thrown [t:\workspace\open\src\hotspot\share\runtime\reflection.cpp, line 1121]
Event: 3.256 Thread 0x00000295b2a42350 Exception <a 'java/lang/ClassNotFoundException'{0x000000061e9590e0}: java/lang/ObjectCustomizer> (0x000000061e9590e0) 
thrown [t:\workspace\open\src\hotspot\share\classfile\systemDictionary.cpp, line 256]
Event: 3.257 Thread 0x00000295b2a42350 Exception <a 'java/lang/ClassNotFoundException'{0x000000061e961978}: org/mybatis/spring/mapper/MapperScannerConfigurerCustomizer> (0x000000061e961978) 
thrown [t:\workspace\open\src\hotspot\share\classfile\systemDictionary.cpp, line 256]
Event: 3.258 Thread 0x00000295b2a42350 Exception <a 'java/lang/ClassNotFoundException'{0x000000061e985ec0}: org/springframework/beans/factory/support/BeanDefinitionRegistryPostProcessorCustomizer> (0x000000061e985ec0) 
thrown [t:\workspace\open\src\hotspot\share\classfile\systemDictionary.cpp, line 256]
Event: 3.259 Thread 0x00000295b2a42350 Exception <a 'java/lang/ClassNotFoundException'{0x000000061e98c490}: org/springframework/beans/factory/config/BeanFactoryPostProcessorCustomizer> (0x000000061e98c490) 
thrown [t:\workspace\open\src\hotspot\share\classfile\systemDictionary.cpp, line 256]
Event: 3.259 Thread 0x00000295b2a42350 Exception <a 'java/lang/ClassNotFoundException'{0x000000061e992558}: org/springframework/beans/factory/InitializingBeanCustomizer> (0x000000061e992558) 
thrown [t:\workspace\open\src\hotspot\share\classfile\systemDictionary.cpp, line 256]
Event: 3.260 Thread 0x00000295b2a42350 Exception <a 'java/lang/ClassNotFoundException'{0x000000061e998538}: org/springframework/context/ApplicationContextAwareCustomizer> (0x000000061e998538) 
thrown [t:\workspace\open\src\hotspot\share\classfile\systemDictionary.cpp, line 256]
Event: 3.260 Thread 0x00000295b2a42350 Exception <a 'java/lang/ClassNotFoundException'{0x000000061e99f0a0}: org/springframework/beans/factory/AwareCustomizer> (0x000000061e99f0a0) 
thrown [t:\workspace\open\src\hotspot\share\classfile\systemDictionary.cpp, line 256]
Event: 3.261 Thread 0x00000295b2a42350 Exception <a 'java/lang/ClassNotFoundException'{0x000000061e9a4500}: org/springframework/beans/factory/BeanNameAwareCustomizer> (0x000000061e9a4500) 
thrown [t:\workspace\open\src\hotspot\share\classfile\systemDictionary.cpp, line 256]
Event: 3.262 Thread 0x00000295b2a42350 Exception <a 'java/lang/ClassNotFoundException'{0x000000061e9aa930}: org/springframework/beans/factory/AwareCustomizer> (0x000000061e9aa930) 
thrown [t:\workspace\open\src\hotspot\share\classfile\systemDictionary.cpp, line 256]

VM Operations (20 events):
Event: 1.755 Executing VM operation: HandshakeAllThreads
Event: 1.755 Executing VM operation: HandshakeAllThreads done
Event: 1.805 Executing VM operation: HandshakeAllThreads
Event: 1.805 Executing VM operation: HandshakeAllThreads done
Event: 1.898 Executing VM operation: HandshakeAllThreads
Event: 1.921 Executing VM operation: HandshakeAllThreads done
Event: 2.010 Executing VM operation: ICBufferFull
Event: 2.010 Executing VM operation: ICBufferFull done
Event: 2.556 Executing VM operation: G1CollectForAllocation
Event: 2.558 Executing VM operation: G1CollectForAllocation done
Event: 2.559 Executing VM operation: Cleanup
Event: 2.559 Executing VM operation: Cleanup done
Event: 2.891 Executing VM operation: HandshakeAllThreads
Event: 2.891 Executing VM operation: HandshakeAllThreads done
Event: 2.892 Executing VM operation: HandshakeAllThreads
Event: 2.892 Executing VM operation: HandshakeAllThreads done
Event: 3.255 Executing VM operation: HandshakeAllThreads
Event: 3.255 Executing VM operation: HandshakeAllThreads done
Event: 3.256 Executing VM operation: ICBufferFull
Event: 3.256 Executing VM operation: ICBufferFull done

Events (20 events):
Event: 3.260 loading class org/springframework/beans/factory/AwareCustomizer
Event: 3.260 loading class org/springframework/beans/factory/AwareCustomizer done
Event: 3.260 loading class org/springframework/beans/factory/AwareCustomizer
Event: 3.260 loading class org/springframework/beans/factory/AwareCustomizer done
Event: 3.260 loading class org/springframework/beans/factory/AwareCustomizer
Event: 3.260 loading class org/springframework/beans/factory/AwareCustomizer done
Event: 3.261 loading class org/springframework/beans/factory/BeanNameAwareCustomizer
Event: 3.261 loading class org/springframework/beans/factory/BeanNameAwareCustomizer done
Event: 3.261 loading class org/springframework/beans/factory/BeanNameAwareCustomizer
Event: 3.261 loading class org/springframework/beans/factory/BeanNameAwareCustomizer done
Event: 3.261 loading class org/springframework/beans/factory/BeanNameAwareCustomizer
Event: 3.261 loading class org/springframework/beans/factory/BeanNameAwareCustomizer done
Event: 3.261 loading class org/springframework/beans/factory/AwareCustomizer
Event: 3.261 loading class org/springframework/beans/factory/AwareCustomizer done
Event: 3.262 loading class org/springframework/beans/factory/AwareCustomizer
Event: 3.262 loading class org/springframework/beans/factory/AwareCustomizer done
Event: 3.262 loading class org/springframework/beans/factory/AwareCustomizer
Event: 3.262 loading class org/springframework/beans/factory/AwareCustomizer done
Event: 3.263 loading class org/springframework/beans/factory/support/ConstructorResolver
Event: 3.263 loading class org/springframework/beans/factory/support/ConstructorResolver done


Dynamic libraries:
0x00007ff7d6090000 - 0x00007ff7d60a0000 	C:\Program Files\Java\jdk-17.0.1\bin\java.exe
0x00007ffbd5130000 - 0x00007ffbd5325000 	C:\WINDOWS\SYSTEM32\ntdll.dll
0x00007ffbd34c0000 - 0x00007ffbd357d000 	C:\WINDOWS\System32\KERNEL32.DLL
0x00007ffbd2a70000 - 0x00007ffbd2d3d000 	C:\WINDOWS\System32\KERNELBASE.dll
0x00007ffbd2920000 - 0x00007ffbd2a20000 	C:\WINDOWS\System32\ucrtbase.dll
0x00007ffbc5650000 - 0x00007ffbc5668000 	C:\Program Files\Java\jdk-17.0.1\bin\jli.dll
0x00007ffbb7860000 - 0x00007ffbb787a000 	C:\Program Files\Java\jdk-17.0.1\bin\VCRUNTIME140.dll
0x00007ffbd3cc0000 - 0x00007ffbd3d6e000 	C:\WINDOWS\System32\ADVAPI32.dll
0x00007ffbd3f30000 - 0x00007ffbd3fce000 	C:\WINDOWS\System32\msvcrt.dll
0x00007ffbd3720000 - 0x00007ffbd37bc000 	C:\WINDOWS\System32\sechost.dll
0x00007ffbd3da0000 - 0x00007ffbd3ec5000 	C:\WINDOWS\System32\RPCRT4.dll
0x00007ffbd3580000 - 0x00007ffbd3720000 	C:\WINDOWS\System32\USER32.dll
0x00007ffbd2840000 - 0x00007ffbd2862000 	C:\WINDOWS\System32\win32u.dll
0x00007ffbbbb80000 - 0x00007ffbbbe1a000 	C:\WINDOWS\WinSxS\amd64_microsoft.windows.common-controls_6595b64144ccf1df_6.0.19041.1110_none_60b5254171f9507e\COMCTL32.dll
0x00007ffbd3fe0000 - 0x00007ffbd400a000 	C:\WINDOWS\System32\GDI32.dll
0x00007ffbd2f70000 - 0x00007ffbd307b000 	C:\WINDOWS\System32\gdi32full.dll
0x00007ffbd2d40000 - 0x00007ffbd2ddd000 	C:\WINDOWS\System32\msvcp_win.dll
0x00007ffbcb390000 - 0x00007ffbcb39a000 	C:\WINDOWS\SYSTEM32\VERSION.dll
0x00007ffbd3d70000 - 0x00007ffbd3da0000 	C:\WINDOWS\System32\IMM32.DLL
0x00007ffbcdea0000 - 0x00007ffbcdeac000 	C:\Program Files\Java\jdk-17.0.1\bin\vcruntime140_1.dll
0x00007ffb47220000 - 0x00007ffb472ad000 	C:\Program Files\Java\jdk-17.0.1\bin\msvcp140.dll
0x00007ffb34ed0000 - 0x00007ffb35a8e000 	C:\Program Files\Java\jdk-17.0.1\bin\server\jvm.dll
0x00007ffbd50e0000 - 0x00007ffbd50e8000 	C:\WINDOWS\System32\PSAPI.DLL
0x00007ffbc6da0000 - 0x00007ffbc6dc7000 	C:\WINDOWS\SYSTEM32\WINMM.dll
0x00007ffbb33e0000 - 0x00007ffbb33e9000 	C:\WINDOWS\SYSTEM32\WSOCK32.dll
0x00007ffbd3c50000 - 0x00007ffbd3cbb000 	C:\WINDOWS\System32\WS2_32.dll
0x00007ffbd10f0000 - 0x00007ffbd1102000 	C:\WINDOWS\SYSTEM32\kernel.appcore.dll
0x00007ffbbb760000 - 0x00007ffbbb76a000 	C:\Program Files\Java\jdk-17.0.1\bin\jimage.dll
0x00007ffbd0470000 - 0x00007ffbd0654000 	C:\WINDOWS\SYSTEM32\DBGHELP.DLL
0x00007ffbb5050000 - 0x00007ffbb507c000 	C:\WINDOWS\SYSTEM32\dbgcore.DLL
0x00007ffbd3080000 - 0x00007ffbd3102000 	C:\WINDOWS\System32\bcryptPrimitives.dll
0x00007ffbb7f00000 - 0x00007ffbb7f3b000 	C:\Program Files\Java\jdk-17.0.1\bin\jdwp.dll
0x00007ffbc3e60000 - 0x00007ffbc3e6e000 	C:\Program Files\Java\jdk-17.0.1\bin\instrument.dll
0x00007ffbb7830000 - 0x00007ffbb7855000 	C:\Program Files\Java\jdk-17.0.1\bin\java.dll
0x00007ffb90a60000 - 0x00007ffb90a78000 	C:\Program Files\Java\jdk-17.0.1\bin\zip.dll
0x00007ffb46090000 - 0x00007ffb46166000 	C:\Program Files\Java\jdk-17.0.1\bin\svml.dll
0x00007ffbd4420000 - 0x00007ffbd4b64000 	C:\WINDOWS\System32\SHELL32.dll
0x00007ffbd0940000 - 0x00007ffbd10d4000 	C:\WINDOWS\SYSTEM32\windows.storage.dll
0x00007ffbd4c20000 - 0x00007ffbd4f74000 	C:\WINDOWS\System32\combase.dll
0x00007ffbd2230000 - 0x00007ffbd225c000 	C:\WINDOWS\SYSTEM32\Wldp.dll
0x00007ffbd3410000 - 0x00007ffbd34bd000 	C:\WINDOWS\System32\SHCORE.dll
0x00007ffbd3350000 - 0x00007ffbd33a5000 	C:\WINDOWS\System32\shlwapi.dll
0x00007ffbd2780000 - 0x00007ffbd279f000 	C:\WINDOWS\SYSTEM32\profapi.dll
0x00007ffbbb8b0000 - 0x00007ffbbb8bc000 	C:\Program Files\Java\jdk-17.0.1\bin\dt_socket.dll
0x00007ffbd1c20000 - 0x00007ffbd1c5b000 	C:\WINDOWS\SYSTEM32\IPHLPAPI.DLL
0x00007ffb4e7d0000 - 0x00007ffb4eaac000 	C:\Windows\Netease\Booster\lsp64.dll
0x00007ffbd2e10000 - 0x00007ffbd2f66000 	C:\WINDOWS\System32\CRYPT32.dll
0x00007ffbd1f30000 - 0x00007ffbd1f9a000 	C:\WINDOWS\system32\mswsock.dll
0x00007ffbd3110000 - 0x00007ffbd3178000 	C:\WINDOWS\System32\WINTRUST.DLL
0x00007ffbd23e0000 - 0x00007ffbd23f2000 	C:\WINDOWS\SYSTEM32\MSASN1.dll
0x00007ffbd3180000 - 0x00007ffbd319d000 	C:\WINDOWS\System32\imagehlp.dll
0x00007ffbd2120000 - 0x00007ffbd2138000 	C:\WINDOWS\SYSTEM32\CRYPTSP.dll
0x00007ffbd18b0000 - 0x00007ffbd18e4000 	C:\WINDOWS\system32\rsaenh.dll
0x00007ffbd2de0000 - 0x00007ffbd2e07000 	C:\WINDOWS\System32\bcrypt.dll
0x00007ffbd2140000 - 0x00007ffbd214c000 	C:\WINDOWS\SYSTEM32\CRYPTBASE.dll
0x00007ffbb7810000 - 0x00007ffbb7829000 	C:\Program Files\Java\jdk-17.0.1\bin\net.dll
0x00007ffbc6c70000 - 0x00007ffbc6d7a000 	C:\WINDOWS\SYSTEM32\WINHTTP.dll
0x00007ffb90a80000 - 0x00007ffb90a95000 	C:\Program Files\Java\jdk-17.0.1\bin\nio.dll
0x00007ffbc5680000 - 0x00007ffbc56cb000 	C:\Program Files (x86)\Sangfor\SSL\ClientComponent\3_SangforNspX64.dll
0x00007ffbd4090000 - 0x00007ffbd41ba000 	C:\WINDOWS\System32\ole32.dll
0x00007ffbd5010000 - 0x00007ffbd50dd000 	C:\WINDOWS\System32\OLEAUT32.dll
0x00007ffbd1c60000 - 0x00007ffbd1d2b000 	C:\WINDOWS\SYSTEM32\DNSAPI.dll
0x00007ffbd3fd0000 - 0x00007ffbd3fd8000 	C:\WINDOWS\System32\NSI.dll
0x00007ffbcb380000 - 0x00007ffbcb38a000 	C:\Windows\System32\rasadhlp.dll
0x00007ffbc5030000 - 0x00007ffbc50b0000 	C:\WINDOWS\System32\fwpuclnt.dll
0x00007ffbbb800000 - 0x00007ffbbb809000 	C:\Program Files\Java\jdk-17.0.1\bin\management.dll
0x00007ffbbb7f0000 - 0x00007ffbbb7fb000 	C:\Program Files\Java\jdk-17.0.1\bin\management_ext.dll
0x00007ffbd2700000 - 0x00007ffbd272e000 	C:\WINDOWS\SYSTEM32\USERENV.dll
0x00007ffbcb4c0000 - 0x00007ffbcb4d7000 	C:\WINDOWS\SYSTEM32\dhcpcsvc6.DLL
0x00007ffbcb210000 - 0x00007ffbcb22d000 	C:\WINDOWS\SYSTEM32\dhcpcsvc.DLL
0x00007ffbab4b0000 - 0x00007ffbab4c7000 	C:\WINDOWS\system32\napinsp.dll
0x00007ffbab370000 - 0x00007ffbab38b000 	C:\WINDOWS\system32\pnrpnsp.dll
0x00007ffbcd600000 - 0x00007ffbcd615000 	C:\WINDOWS\system32\wshbth.dll
0x00007ffbcdb50000 - 0x00007ffbcdb6d000 	C:\WINDOWS\system32\NLAapi.dll
0x00007ffbab350000 - 0x00007ffbab362000 	C:\WINDOWS\System32\winrnr.dll

dbghelp: loaded successfully - version: 4.0.5 - missing functions: none
symbol engine: initialized successfully - sym options: 0x614 - pdb path: .;C:\Program Files\Java\jdk-17.0.1\bin;C:\WINDOWS\SYSTEM32;C:\WINDOWS\WinSxS\amd64_microsoft.windows.common-controls_6595b64144ccf1df_6.0.19041.1110_none_60b5254171f9507e;C:\Program Files\Java\jdk-17.0.1\bin\server;C:\Windows\Netease\Booster;C:\Program Files (x86)\Sangfor\SSL\ClientComponent

VM Arguments:
jvm_args: -agentlib:jdwp=transport=dt_socket,address=127.0.0.1:60922,suspend=y,server=n -XX:TieredStopAtLevel=1 -Xverify:none -Dspring.output.ansi.enabled=always -Dcom.sun.management.jmxremote -Dspring.jmx.enabled=true -Dspring.liveBeansView.mbeanDomain -Dspring.application.admin.enabled=true -javaagent:C:\Users\RGB\AppData\Local\JetBrains\IntelliJIdea2022.1\captureAgent\debugger-agent.jar -Dfile.encoding=UTF-8 
java_command: com.chaffee.PxxbmsSpringbootApplication
java_class_path (initial): C:\Users\RGB\Desktop\Java\Spring\SpringBoot\pxxbms-springboot\target\classes;C:\Users\RGB\AppData\Roaming\JetBrains\IntelliJIdea2022.1\javascript\extLibs\http_cdn.jsdelivr.net_npm_bootstrap-icons@1.8.1_font_bootstrap-icons.css;C:\Users\RGB\.m2\repository\org\springframework\boot\spring-boot-starter-jdbc\2.6.7\spring-boot-starter-jdbc-2.6.7.jar;C:\Users\RGB\.m2\repository\org\springframework\boot\spring-boot-starter\2.6.7\spring-boot-starter-2.6.7.jar;C:\Users\RGB\.m2\repository\org\springframework\boot\spring-boot-starter-logging\2.6.7\spring-boot-starter-logging-2.6.7.jar;C:\Users\RGB\.m2\repository\ch\qos\logback\logback-classic\1.2.11\logback-classic-1.2.11.jar;C:\Users\RGB\.m2\repository\ch\qos\logback\logback-core\1.2.11\logback-core-1.2.11.jar;C:\Users\RGB\.m2\repository\org\apache\logging\log4j\log4j-to-slf4j\2.17.2\log4j-to-slf4j-2.17.2.jar;C:\Users\RGB\.m2\repository\org\apache\logging\log4j\log4j-api\2.17.2\log4j-api-2.17.2.jar;C:\Users\RGB\.m2\repository\org\slf4j\jul-to-slf4j\1.7.36\jul-to-slf4j-1.7.36.jar;C:\Users\RGB\.m2\repository\jakarta\annotation\jakarta.annotation-api\1.3.5\jakarta.annotation-api-1.3.5.jar;C:\Users\RGB\.m2\repository\org\yaml\snakeyaml\1.29\snakeyaml-1.29.jar;C:\Users\RGB\.m2\repository\com\zaxxer\HikariCP\4.0.3\HikariCP-4.0.3.jar;C:\Users\RGB\.m2\repository\org\springframework\spring-jdbc\5.3.19\spring-jdbc-5.3.19.jar;C:\Users\RGB\.m2\repository\org\springframework\spring-beans\5.3.19\spring-beans-5.3.19.jar;C:\Users\RGB\.m2\repository\org\springframework\spring-tx\5.3.19\spring-tx-5.3.19.jar;C:\Users\RGB\.m2\repository\org\springframework\boot\spring-boot-starter-security\2.6.7\spring-boot-starter-security-2.6.7.jar;C:\Users\RGB\.m2\repository\org\springframework\spring-aop\5.3.19\spring-aop-5.3.19.jar;C:\Users\RGB\.m2\repository\org\springframework\security\spring-security-config\5.6.3\spring-security-config-5.6.3.jar;C:\Users\RGB\.m2\repository\org\springframework\spring-context\5.3.19\spring-conte
Launcher Type: SUN_STANDARD

[Global flags]
     intx CICompilerCount                          = 4                                         {product} {ergonomic}
     uint ConcGCThreads                            = 2                                         {product} {ergonomic}
     uint G1ConcRefinementThreads                  = 8                                         {product} {ergonomic}
   size_t G1HeapRegionSize                         = 4194304                                   {product} {ergonomic}
    uintx GCDrainStackTargetSize                   = 64                                        {product} {ergonomic}
   size_t InitialHeapSize                          = 536870912                                 {product} {ergonomic}
     bool ManagementServer                         = true                                      {product} {command line}
   size_t MarkStackSize                            = 4194304                                   {product} {ergonomic}
   size_t MaxHeapSize                              = 8568963072                                {product} {ergonomic}
   size_t MaxNewSize                               = 5138022400                                {product} {ergonomic}
   size_t MinHeapDeltaBytes                        = 4194304                                   {product} {ergonomic}
   size_t MinHeapSize                              = 8388608                                   {product} {ergonomic}
    uintx NonProfiledCodeHeapSize                  = 0                                      {pd product} {ergonomic}
     bool ProfileInterpreter                       = false                                  {pd product} {command line}
    uintx ProfiledCodeHeapSize                     = 0                                      {pd product} {ergonomic}
   size_t SoftMaxHeapSize                          = 8568963072                             {manageable} {ergonomic}
     intx TieredStopAtLevel                        = 1                                         {product} {command line}
     bool UseCompressedClassPointers               = true                           {product lp64_product} {ergonomic}
     bool UseCompressedOops                        = true                           {product lp64_product} {ergonomic}
     bool UseG1GC                                  = true                                      {product} {ergonomic}
     bool UseLargePagesIndividualAllocation        = false                                  {pd product} {ergonomic}

Logging:
Log output configuration:
 #0: stdout all=warning uptime,level,tags
 #1: stderr all=off uptime,level,tags

Environment Variables:
JAVA_HOME=C:\Program Files\Java\jdk-17.0.1\
CLASSPATH=.;C:\Program Files\Java\jdk-17.0.1\\lib\dt.jar;C:\Program Files\Java\jdk-17.0.1\\lib\tools.jar;
PATH=C:\Python27;C:\Python310\Scripts\;C:\Python310\;C:\Program Files\Microsoft MPI\Bin\;D:\nodejs\node_global\bin;C:\Program Files\Common Files\Oracle\Java\javapath;C:\Program Files (x86)\Common Files\Oracle\Java\javapath;C:\Windows\system32;C:\Windows;C:\Windows\System32\Wbem;C:\Windows\System32\WindowsPowerShell\v1.0\;C:\Windows\System32\OpenSSH;C:\Program Files\NVIDIA Corporation\NVIDIA NvDLISR;C:\Program Files (x86)\NVIDIA Corporation\PhysX\Common;C:\Program Files\Intel\WiFi\bin\;C:\Program Files\Common Files\Intel\WirelessCommon\;C:\Android;C:\MinGW\mingw64\bin;C:\Program Files\Git\cmd;C:\WINDOWS\system32;C:\WINDOWS;C:\WINDOWS\System32\Wbem;C:\WINDOWS\System32\WindowsPowerShell\v1.0\;C:\sqlite;C:\ProgramData\chocolatey\bin;C:\mysql\bin;C:\Program Files\Azure Data Studio\bin;C:\Xshell\;C:\Redis\;C:\apache-maven\bin;C:\Program Files (x86)\NetSarang\Xftp 7\;C:\Program Files\MySQL\MySQL Server 8.0\bin;C:\Program Files\dotnet\;D:\nodejs\node_global;D:\hadoop-3.3.2\bin;C:\Program Files\Java\jdk-17.0.1\\bin;D:\nodejs\;C:\Program Files\MySQL\MySQL Shell 8.0\bin\;C:\Users\RGB\AppData\Local\Programs\Python\Python38\Scripts\;C:\Users\RGB\AppData\Local\Programs\Python\Python38\;"C:\Windows\System32\OpenSSH;C:\Program Files\Git\bin";C:\Users\RGB\AppData\Local\Programs\Microsoft VS Code\bin;C:\MinGW\mingw64\bin;C:\Users\RGB\AppData\Local\Microsoft\WindowsApps;C:\Program Files\Azure Data Studio\bin;C:\JetBrains\IntelliJ IDEA\bin;;C:\Program Files\NASM;C:\Users\RGB\.dotnet\tools;D:\nodejs\node_global\node_modules;C:\Program Files\Java\jdk-17.0.1\\bin;C:\Users\RGB\AppData\Roaming\npm
USERNAME=RGB
OS=Windows_NT
PROCESSOR_IDENTIFIER=Intel64 Family 6 Model 158 Stepping 13, GenuineIntel



---------------  S Y S T E M  ---------------

OS:
 Windows 10 , 64 bit Build 19041 (10.0.19041.1706)
OS uptime: 2 days 15:32 hours

CPU: total 8 (initial active 8) (8 cores per cpu, 1 threads per core) family 6 model 158 stepping 13 microcode 0xd6, cx8, cmov, fxsr, mmx, 3dnowpref, sse, sse2, sse3, ssse3, sse4.1, sse4.2, popcnt, lzcnt, tsc, tscinvbit, avx, avx2, aes, erms, clmul, bmi1, bmi2, adx, fma, vzeroupper, clflush, clflushopt

Memory: 4k page, system-wide physical 32686M (7973M free)
TotalPageFile size 40878M (AvailPageFile size 28M)
current process WorkingSet (physical memory assigned to process): 172M, peak: 172M
current process commit charge ("private bytes"): 651M, peak: 651M

vm_info: Java HotSpot(TM) 64-Bit Server VM (17.0.1+12-LTS-39) for windows-amd64 JRE (17.0.1+12-LTS-39), built on Sep 27 2021 18:41:35 by "mach5one" with MS VC++ 16.8 (VS2019)

END.
